<?xml version="1.0" encoding="UTF-8"?>
<testsuite name="SILab2Test" tests="1" skipped="0" failures="0" errors="0" timestamp="2020-06-13T19:39:21" hostname="DESKTOP-K92VGOA" time="0.041">
  <properties/>
  <testcase name="multiple_condition_test()" classname="SILab2Test" time="0.041"/>
  <system-out><![CDATA[]]></system-out>
  <system-err><![CDATA[]]></system-err>
</testsuite>
